[debug] [2025-12-08T15:48:30.434Z] ----------------------------------------------------------------------
[debug] [2025-12-08T15:48:30.436Z] Command:       C:\Program Files\nodejs\node.exe C:\Users\akbar\AppData\Roaming\npm\node_modules\firebase-tools\lib\bin\firebase.js init
[debug] [2025-12-08T15:48:30.437Z] CLI Version:   14.27.0
[debug] [2025-12-08T15:48:30.437Z] Platform:      win32
[debug] [2025-12-08T15:48:30.437Z] Node Version:  v24.11.1
[debug] [2025-12-08T15:48:30.437Z] Time:          Mon Dec 08 2025 22:48:30 GMT+0700 (Western Indonesia Time)
[debug] [2025-12-08T15:48:30.437Z] ----------------------------------------------------------------------
[debug] 
[info] 
     ######## #### ########  ######## ########     ###     ######  ########
     ##        ##  ##     ## ##       ##     ##  ##   ##  ##       ##
     ######    ##  ########  ######   ########  #########  ######  ######
     ##        ##  ##    ##  ##       ##     ## ##     ##       ## ##
     ##       #### ##     ## ######## ########  ##     ##  ######  ########

You're about to initialize a Firebase project in this directory:

  D:\PERKULIAHAN\AKBAR LOCKER\PORTOFOLIO PROJECT\Website\1. IBAF-Website

[info] 
=== Project Setup
[info] 
[info] First, let's associate this project directory with a Firebase project.
[info] You can create multiple project aliases by running firebase use --add, 
[info] 
[info] i  If you want to create a project in a Google Cloud organization or folder, please use "firebase projects:create" instead, and return to this command when you've created the project. 
[debug] [2025-12-08T15:48:53.969Z] > command requires scopes: ["email","openid","https://www.googleapis.com/auth/cloudplatformprojects.readonly","https://www.googleapis.com/auth/firebase","https://www.googleapis.com/auth/cloud-platform"]
[debug] [2025-12-08T15:48:53.969Z] > authorizing via signed-in user (akbarimrons@gmail.com)
[debug] [2025-12-08T15:49:00.326Z] ExitPromptError: User force closed the prompt with SIGINT
    at Interface.sigint (C:\Users\akbar\AppData\Roaming\npm\node_modules\firebase-tools\node_modules\@inquirer\core\dist\commonjs\lib\create-prompt.js:101:37)
    at Interface.emit (node:events:508:28)
    at Interface.emit (node:domain:489:12)
    at [_ttyWrite] [as _ttyWrite] (node:internal/readline/interface:1317:18)
    at ReadStream.onkeypress (node:internal/readline/interface:284:20)
    at ReadStream.emit (node:events:520:35)
    at ReadStream.emit (node:domain:489:12)
    at emitKeys (node:internal/readline/utils:371:14)
    at emitKeys.next (<anonymous>)
    at ReadStream.onData (node:internal/readline/emitKeypressEvents:64:36)
[error] 
[error] Error: An unexpected error has occurred.
